<?xml version="1.0" encoding="UTF-8"?>
<!-- Generated by org.testng.reporters.JUnitReportReporter -->
<testsuite hostname="Sahana" failures="0" tests="1" name="mavenproject.demoTest" time="0.015" errors="0" timestamp="2024-03-06T12:58:26 IST" skipped="0">
  <testcase classname="mavenproject.demoTest" name="sample3" time="0.015"/>
  <system-out/>
</testsuite> <!-- mavenproject.demoTest -->
